Virtual User Script started at : 10/9/2015 12:13:08 PM	[MsgId: MMSG-15967]
Starting action vuser_init.	[MsgId: MMSG-15919]
Web Turbo Replay of LoadRunner 12.0.0 for Windows 7; build 2739 (Nov 30 2014 23:13:05)  	[MsgId: MMSG-27143]
Run mode: HTML  	[MsgId: MMSG-26993]
Run-Time Settings file: "C:\Users\dineshkumar\AppData\Local\Temp\lr5tmpdirVno.6\lrcfggk7.7\cfglRA.8"  	[MsgId: MMSG-27141]
Virtual User Script started at : 10/9/2015 12:13:08 PM	[MsgId: MMSG-15967]
Starting action vuser_init.	[MsgId: MMSG-15919]
Web Turbo Replay of LoadRunner 12.0.0 for Windows 7; build 2739 (Nov 30 2014 23:13:05)  	[MsgId: MMSG-27143]
Run mode: HTML  	[MsgId: MMSG-26993]
Run-Time Settings file: "C:\Users\dineshkumar\AppData\Local\Temp\lr5tmpdirVno.6\lrcfggk7.7\cfglRA.8"  	[MsgId: MMSG-27141]
Virtual User Script started at : 10/9/2015 12:13:08 PM	[MsgId: MMSG-15967]
Starting action vuser_init.	[MsgId: MMSG-15919]
Web Turbo Replay of LoadRunner 12.0.0 for Windows 7; build 2739 (Nov 30 2014 23:13:05)  	[MsgId: MMSG-27143]
Run mode: HTML  	[MsgId: MMSG-26993]
Run-Time Settings file: "C:\Users\dineshkumar\AppData\Local\Temp\lr5tmpdirVno.6\lrcfggk7.7\cfglRA.8"  	[MsgId: MMSG-27141]
Virtual User Script started at : 10/9/2015 12:13:08 PM	[MsgId: MMSG-15967]
Virtual User Script started at : 10/9/2015 12:13:08 PM	[MsgId: MMSG-15967]
Starting action vuser_init.	[MsgId: MMSG-15919]
Starting action vuser_init.	[MsgId: MMSG-15919]
Web Turbo Replay of LoadRunner 12.0.0 for Windows 7; build 2739 (Nov 30 2014 23:13:05)  	[MsgId: MMSG-27143]
Run mode: HTML  	[MsgId: MMSG-26993]
Web Turbo Replay of LoadRunner 12.0.0 for Windows 7; build 2739 (Nov 30 2014 23:13:05)  	[MsgId: MMSG-27143]
Run-Time Settings file: "C:\Users\dineshkumar\AppData\Local\Temp\lr5tmpdirVno.6\lrcfggk7.7\cfglRA.8"  	[MsgId: MMSG-27141]
Run mode: HTML  	[MsgId: MMSG-26993]
Run-Time Settings file: "C:\Users\dineshkumar\AppData\Local\Temp\lr5tmpdirVno.6\lrcfggk7.7\cfglRA.8"  	[MsgId: MMSG-27141]
Virtual User Script started at : 10/9/2015 12:13:08 PM	[MsgId: MMSG-15967]
Starting action vuser_init.	[MsgId: MMSG-15919]
Web Turbo Replay of LoadRunner 12.0.0 for Windows 7; build 2739 (Nov 30 2014 23:13:05)  	[MsgId: MMSG-27143]
Run mode: HTML  	[MsgId: MMSG-26993]
Run-Time Settings file: "C:\Users\dineshkumar\AppData\Local\Temp\lr5tmpdirVno.6\lrcfggk7.7\cfglRA.8"  	[MsgId: MMSG-27141]
Virtual User Script started at : 10/9/2015 12:13:08 PM	[MsgId: MMSG-15967]
Starting action vuser_init.	[MsgId: MMSG-15919]
Web Turbo Replay of LoadRunner 12.0.0 for Windows 7; build 2739 (Nov 30 2014 23:13:05)  	[MsgId: MMSG-27143]
Run mode: HTML  	[MsgId: MMSG-26993]
Run-Time Settings file: "C:\Users\dineshkumar\AppData\Local\Temp\lr5tmpdirVno.6\lrcfggk7.7\cfglRA.8"  	[MsgId: MMSG-27141]
Ending action vuser_init.	[MsgId: MMSG-15918]
Running Vuser...	[MsgId: MMSG-15964]
Ending action vuser_init.	[MsgId: MMSG-15918]
Running Vuser...	[MsgId: MMSG-15964]
Ending action vuser_init.	[MsgId: MMSG-15918]
Running Vuser...	[MsgId: MMSG-15964]
Virtual User Script started at : 10/9/2015 12:13:08 PM	[MsgId: MMSG-15967]
Starting action vuser_init.	[MsgId: MMSG-15919]
Ending action vuser_init.	[MsgId: MMSG-15918]
Web Turbo Replay of LoadRunner 12.0.0 for Windows 7; build 2739 (Nov 30 2014 23:13:05)  	[MsgId: MMSG-27143]
Running Vuser...	[MsgId: MMSG-15964]
Run mode: HTML  	[MsgId: MMSG-26993]
Run-Time Settings file: "C:\Users\dineshkumar\AppData\Local\Temp\lr5tmpdirVno.6\lrcfggk7.7\cfglRA.8"  	[MsgId: MMSG-27141]
Ending action vuser_init.	[MsgId: MMSG-15918]
Running Vuser...	[MsgId: MMSG-15964]
Ending action vuser_init.	[MsgId: MMSG-15918]
Running Vuser...	[MsgId: MMSG-15964]
Ending action vuser_init.	[MsgId: MMSG-15918]
Running Vuser...	[MsgId: MMSG-15964]
Ending action vuser_init.	[MsgId: MMSG-15918]
Running Vuser...	[MsgId: MMSG-15964]
Virtual User Script started at : 10/9/2015 12:13:08 PM	[MsgId: MMSG-15967]
Starting action vuser_init.	[MsgId: MMSG-15919]
Web Turbo Replay of LoadRunner 12.0.0 for Windows 7; build 2739 (Nov 30 2014 23:13:05)  	[MsgId: MMSG-27143]
Run mode: HTML  	[MsgId: MMSG-26993]
Run-Time Settings file: "C:\Users\dineshkumar\AppData\Local\Temp\lr5tmpdirVno.6\lrcfggk7.7\cfglRA.8"  	[MsgId: MMSG-27141]
Ending action vuser_init.	[MsgId: MMSG-15918]
Running Vuser...	[MsgId: MMSG-15964]
Virtual User Script started at : 10/9/2015 12:13:08 PM	[MsgId: MMSG-15967]
Starting action vuser_init.	[MsgId: MMSG-15919]
Web Turbo Replay of LoadRunner 12.0.0 for Windows 7; build 2739 (Nov 30 2014 23:13:05)  	[MsgId: MMSG-27143]
Run mode: HTML  	[MsgId: MMSG-26993]
Run-Time Settings file: "C:\Users\dineshkumar\AppData\Local\Temp\lr5tmpdirVno.6\lrcfggk7.7\cfglRA.8"  	[MsgId: MMSG-27141]
Ending action vuser_init.	[MsgId: MMSG-15918]
Running Vuser...	[MsgId: MMSG-15964]
Starting iteration 1.	[MsgId: MMSG-15968]
Starting iteration 1.	[MsgId: MMSG-15968]
Starting iteration 1.	[MsgId: MMSG-15968]
Maximum number of concurrent connections per server: 6  	[MsgId: MMSG-26989]
Maximum number of concurrent connections per server: 6  	[MsgId: MMSG-26989]
Starting iteration 1.	[MsgId: MMSG-15968]
Starting action Action.	[MsgId: MMSG-15919]
Starting iteration 1.	[MsgId: MMSG-15968]
Starting iteration 1.	[MsgId: MMSG-15968]
Maximum number of concurrent connections per server: 6  	[MsgId: MMSG-26989]
Maximum number of concurrent connections per server: 6  	[MsgId: MMSG-26989]
Starting action Action.	[MsgId: MMSG-15919]
Starting iteration 1.	[MsgId: MMSG-15968]
Starting action Action.	[MsgId: MMSG-15919]
Starting action Action.	[MsgId: MMSG-15919]
Maximum number of concurrent connections per server: 6  	[MsgId: MMSG-26989]
Starting action Action.	[MsgId: MMSG-15919]
Maximum number of concurrent connections per server: 6  	[MsgId: MMSG-26989]
Starting iteration 1.	[MsgId: MMSG-15968]
Maximum number of concurrent connections per server: 6  	[MsgId: MMSG-26989]
Action.c(19): IP spoofing disabled	[MsgId: MMSG-17999]
Action.c(19): IP spoofing disabled	[MsgId: MMSG-17999]
Starting action Action.	[MsgId: MMSG-15919]
Action.c(20): Vuser IP -> (null)	[MsgId: MMSG-17999]
Vuser IP -> (null)
Action.c(20): Vuser IP -> (null)	[MsgId: MMSG-17999]
Action.c(22): Notify: Parameter Substitution: parameter "prmIterationNumber" =  "1"	[MsgId: MMSG-13992]
Vuser IP -> (null)
Action.c(22): Current iteration #: 1	[MsgId: MMSG-17999]
Action.c(19): IP spoofing disabled	[MsgId: MMSG-17999]
Action.c(23): Notify: Parameter Substitution: parameter "Vuserid" =  "29"	[MsgId: MMSG-13992]
Action.c(22): Notify: Parameter Substitution: parameter "prmIterationNumber" =  "1"	[MsgId: MMSG-13992]
Action.c(23): Current iteration #: 29	[MsgId: MMSG-17999]
Action.c(30): Notify: Transaction "webtours_ticketbooking_01_welcomepage" started.	[MsgId: MMSG-16999]
Starting iteration 1.	[MsgId: MMSG-15968]
Action.c(20): Vuser IP -> (null)	[MsgId: MMSG-17999]
Action.c(34): web_reg_find started  	[MsgId: MMSG-26355]
Maximum number of concurrent connections per server: 6  	[MsgId: MMSG-26989]
Vuser IP -> (null)
Action.c(34): Registering web_reg_find was successful  	[MsgId: MMSG-26390]
Starting action Action.	[MsgId: MMSG-15919]
Action.c(41): web_reg_save_param started  	[MsgId: MMSG-26355]
Action.c(22): Notify: Parameter Substitution: parameter "prmIterationNumber" =  "1"	[MsgId: MMSG-13992]
Action.c(19): IP spoofing disabled	[MsgId: MMSG-17999]
Action.c(41): Registering web_reg_save_param was successful  	[MsgId: MMSG-26390]
Action.c(20): Vuser IP -> (null)	[MsgId: MMSG-17999]
Action.c(22): Current iteration #: 1	[MsgId: MMSG-17999]
Vuser IP -> (null)
Action.c(22): Notify: Parameter Substitution: parameter "prmIterationNumber" =  "1"	[MsgId: MMSG-13992]
Action.c(22): Current iteration #: 1	[MsgId: MMSG-17999]
Action.c(23): Notify: Parameter Substitution: parameter "Vuserid" =  "50"	[MsgId: MMSG-13992]
Action.c(23): Notify: Parameter Substitution: parameter "Vuserid" =  "32"	[MsgId: MMSG-13992]
Action.c(23): Current iteration #: 32	[MsgId: MMSG-17999]
Action.c(23): Current iteration #: 50	[MsgId: MMSG-17999]
Action.c(19): IP spoofing disabled	[MsgId: MMSG-17999]
Action.c(30): Notify: Transaction "webtours_ticketbooking_01_welcomepage" started.	[MsgId: MMSG-16999]
Action.c(20): Vuser IP -> (null)	[MsgId: MMSG-17999]
Action.c(34): web_reg_find started  	[MsgId: MMSG-26355]
Vuser IP -> (null)
Action.c(34): Registering web_reg_find was successful  	[MsgId: MMSG-26390]
Action.c(22): Notify: Parameter Substitution: parameter "prmIterationNumber" =  "1"	[MsgId: MMSG-13992]
Action.c(41): web_reg_save_param started  	[MsgId: MMSG-26355]
Action.c(30): Notify: Transaction "webtours_ticketbooking_01_welcomepage" started.	[MsgId: MMSG-16999]
Action.c(22): Current iteration #: 1	[MsgId: MMSG-17999]
Action.c(41): Registering web_reg_save_param was successful  	[MsgId: MMSG-26390]
Action.c(46): web_convert_param started  	[MsgId: MMSG-26355]
Action.c(34): web_reg_find started  	[MsgId: MMSG-26355]
Action.c(46): web_convert_param started  	[MsgId: MMSG-26355]
Action.c(34): Registering web_reg_find was successful  	[MsgId: MMSG-26390]
Starting iteration 1.	[MsgId: MMSG-15968]
Action.c(23): Notify: Parameter Substitution: parameter "Vuserid" =  "33"	[MsgId: MMSG-13992]
Action.c(41): web_reg_save_param started  	[MsgId: MMSG-26355]
Action.c(23): Current iteration #: 33	[MsgId: MMSG-17999]
Maximum number of concurrent connections per server: 6  	[MsgId: MMSG-26989]
Action.c(30): Notify: Transaction "webtours_ticketbooking_01_welcomepage" started.	[MsgId: MMSG-16999]
Action.c(41): Registering web_reg_save_param was successful  	[MsgId: MMSG-26390]
Action.c(34): web_reg_find started  	[MsgId: MMSG-26355]
Starting action Action.	[MsgId: MMSG-15919]
Action.c(46): web_convert_param started  	[MsgId: MMSG-26355]
Action.c(19): IP spoofing disabled	[MsgId: MMSG-17999]
Action.c(34): Registering web_reg_find was successful  	[MsgId: MMSG-26390]
Maximum number of concurrent connections per server: 6  	[MsgId: MMSG-26989]
Action.c(41): web_reg_save_param started  	[MsgId: MMSG-26355]
Action.c(20): Vuser IP -> (null)	[MsgId: MMSG-17999]
Action.c(41): Registering web_reg_save_param was successful  	[MsgId: MMSG-26390]
Vuser IP -> (null)
Action.c(46): web_convert_param started  	[MsgId: MMSG-26355]
Action.c(22): Notify: Parameter Substitution: parameter "prmIterationNumber" =  "1"	[MsgId: MMSG-13992]
Action.c(22): Current iteration #: 1	[MsgId: MMSG-17999]
Starting action Action.	[MsgId: MMSG-15919]
Action.c(23): Notify: Parameter Substitution: parameter "Vuserid" =  "8"	[MsgId: MMSG-13992]
Starting action Action.	[MsgId: MMSG-15919]
Action.c(19): IP spoofing disabled	[MsgId: MMSG-17999]
Action.c(20): Vuser IP -> (null)	[MsgId: MMSG-17999]
Action.c(19): IP spoofing disabled	[MsgId: MMSG-17999]
Vuser IP -> (null)
Action.c(22): Notify: Parameter Substitution: parameter "prmIterationNumber" =  "1"	[MsgId: MMSG-13992]
Action.c(22): Current iteration #: 1	[MsgId: MMSG-17999]
Action.c(20): Vuser IP -> (null)	[MsgId: MMSG-17999]
Action.c(23): Notify: Parameter Substitution: parameter "Vuserid" =  "7"	[MsgId: MMSG-13992]
Action.c(23): Current iteration #: 8	[MsgId: MMSG-17999]
Action.c(23): Current iteration #: 7	[MsgId: MMSG-17999]
Action.c(30): Notify: Transaction "webtours_ticketbooking_01_welcomepage" started.	[MsgId: MMSG-16999]
Action.c(30): Notify: Transaction "webtours_ticketbooking_01_welcomepage" started.	[MsgId: MMSG-16999]
Action.c(34): web_reg_find started  	[MsgId: MMSG-26355]
Action.c(34): web_reg_find started  	[MsgId: MMSG-26355]
Vuser IP -> (null)
Action.c(34): Registering web_reg_find was successful  	[MsgId: MMSG-26390]
Action.c(34): Registering web_reg_find was successful  	[MsgId: MMSG-26390]
Action.c(41): web_reg_save_param started  	[MsgId: MMSG-26355]
Action.c(41): web_reg_save_param started  	[MsgId: MMSG-26355]
Action.c(22): Notify: Parameter Substitution: parameter "prmIterationNumber" =  "1"	[MsgId: MMSG-13992]
Action.c(41): Registering web_reg_save_param was successful  	[MsgId: MMSG-26390]
Action.c(22): Current iteration #: 1	[MsgId: MMSG-17999]
Action.c(46): web_convert_param started  	[MsgId: MMSG-26355]
Action.c(41): Registering web_reg_save_param was successful  	[MsgId: MMSG-26390]
Action.c(46): web_convert_param started  	[MsgId: MMSG-26355]
Action.c(19): IP spoofing disabled	[MsgId: MMSG-17999]
Action.c(22): Current iteration #: 1	[MsgId: MMSG-17999]
Action.c(20): Vuser IP -> (null)	[MsgId: MMSG-17999]
Action.c(19): IP spoofing disabled	[MsgId: MMSG-17999]
Vuser IP -> (null)
Action.c(20): Vuser IP -> (null)	[MsgId: MMSG-17999]
Vuser IP -> (null)
Action.c(46): Notify: Saving Parameter "InputParam = 115909.7269%263%233+98%2B1f+Qzc%25VAz@pfHQVzzzHDfHHcpzDQtHf".	[MsgId: MMSG-13798]
Action.c(46): Notify: Saving Parameter "InputParam = 115909.7269%263%233+98%2B1f+Qzc%25VAz@pfHQVzzzHDfHHcpzDQtHf".	[MsgId: MMSG-13798]
Action.c(46): web_convert_param was successful  	[MsgId: MMSG-26392]
Action.c(23): Notify: Parameter Substitution: parameter "Vuserid" =  "18"	[MsgId: MMSG-13992]
Action.c(46): web_convert_param was successful  	[MsgId: MMSG-26392]
Action.c(46): Notify: Saving Parameter "InputParam = 115909.7269%263%233+98%2B1f+Qzc%25VAz@pfHQVzzzHDfHHcpzDQtHf".	[MsgId: MMSG-13798]
Action.c(54): web_url("webtours") started  	[MsgId: MMSG-26355]
Action.c(23): Current iteration #: 18	[MsgId: MMSG-17999]
Action.c(54): web_url("webtours") started  	[MsgId: MMSG-26355]
Action.c(46): web_convert_param was successful  	[MsgId: MMSG-26392]
Action.c(54): web_url("webtours") started  	[MsgId: MMSG-26355]
Action.c(30): Notify: Transaction "webtours_ticketbooking_01_welcomepage" started.	[MsgId: MMSG-16999]
Action.c(34): web_reg_find started  	[MsgId: MMSG-26355]
Action.c(34): Registering web_reg_find was successful  	[MsgId: MMSG-26390]
Action.c(41): web_reg_save_param started  	[MsgId: MMSG-26355]
Action.c(41): Registering web_reg_save_param was successful  	[MsgId: MMSG-26390]
Action.c(46): web_convert_param started  	[MsgId: MMSG-26355]
Action.c(46): Notify: Saving Parameter "InputParam = 115909.7269%263%233+98%2B1f+Qzc%25VAz@pfHQVzzzHDfHHcpzDQtHf".	[MsgId: MMSG-13798]
Action.c(46): Notify: Saving Parameter "InputParam = 115909.7269%263%233+98%2B1f+Qzc%25VAz@pfHQVzzzHDfHHcpzDQtHf".	[MsgId: MMSG-13798]
Action.c(46): web_convert_param was successful  	[MsgId: MMSG-26392]
Action.c(46): web_convert_param was successful  	[MsgId: MMSG-26392]
Action.c(54): web_url("webtours") started  	[MsgId: MMSG-26355]
Action.c(54): web_url("webtours") started  	[MsgId: MMSG-26355]
Action.c(23): Notify: Parameter Substitution: parameter "Vuserid" =  "9"	[MsgId: MMSG-13992]
Action.c(23): Current iteration #: 9	[MsgId: MMSG-17999]
Action.c(46): Notify: Saving Parameter "InputParam = 115909.7269%263%233+98%2B1f+Qzc%25VAz@pfHQVzzzHDfHHcpzDQtHf".	[MsgId: MMSG-13798]
Action.c(46): web_convert_param was successful  	[MsgId: MMSG-26392]
Action.c(54): web_url("webtours") started  	[MsgId: MMSG-26355]
Action.c(30): Notify: Transaction "webtours_ticketbooking_01_welcomepage" started.	[MsgId: MMSG-16999]
Action.c(34): web_reg_find started  	[MsgId: MMSG-26355]
Action.c(34): Registering web_reg_find was successful  	[MsgId: MMSG-26390]
Action.c(41): web_reg_save_param started  	[MsgId: MMSG-26355]
Action.c(22): Notify: Parameter Substitution: parameter "prmIterationNumber" =  "1"	[MsgId: MMSG-13992]
Action.c(41): Registering web_reg_save_param was successful  	[MsgId: MMSG-26390]
Action.c(46): web_convert_param started  	[MsgId: MMSG-26355]
Action.c(46): Notify: Saving Parameter "InputParam = 115909.7269%263%233+98%2B1f+Qzc%25VAz@pfHQVzzzHDfHHcpzDQtHf".	[MsgId: MMSG-13798]
Action.c(46): web_convert_param was successful  	[MsgId: MMSG-26392]
Action.c(22): Current iteration #: 1	[MsgId: MMSG-17999]
Action.c(54): web_url("webtours") started  	[MsgId: MMSG-26355]
Action.c(23): Notify: Parameter Substitution: parameter "Vuserid" =  "6"	[MsgId: MMSG-13992]
Action.c(22): Notify: Parameter Substitution: parameter "prmIterationNumber" =  "1"	[MsgId: MMSG-13992]
Action.c(23): Current iteration #: 6	[MsgId: MMSG-17999]
Action.c(22): Current iteration #: 1	[MsgId: MMSG-17999]
Action.c(30): Notify: Transaction "webtours_ticketbooking_01_welcomepage" started.	[MsgId: MMSG-16999]
Action.c(23): Notify: Parameter Substitution: parameter "Vuserid" =  "5"	[MsgId: MMSG-13992]
Action.c(46): Notify: Saving Parameter "InputParam = 115909.7269%263%233+98%2B1f+Qzc%25VAz@pfHQVzzzHDfHHcpzDQtHf".	[MsgId: MMSG-13798]
Action.c(23): Current iteration #: 5	[MsgId: MMSG-17999]
Action.c(30): Notify: Transaction "webtours_ticketbooking_01_welcomepage" started.	[MsgId: MMSG-16999]
Action.c(46): web_convert_param was successful  	[MsgId: MMSG-26392]
Action.c(54): web_url("webtours") started  	[MsgId: MMSG-26355]
Action.c(34): web_reg_find started  	[MsgId: MMSG-26355]
Action.c(34): web_reg_find started  	[MsgId: MMSG-26355]
Action.c(34): Registering web_reg_find was successful  	[MsgId: MMSG-26390]
Action.c(41): web_reg_save_param started  	[MsgId: MMSG-26355]
Action.c(34): Registering web_reg_find was successful  	[MsgId: MMSG-26390]
Action.c(41): Registering web_reg_save_param was successful  	[MsgId: MMSG-26390]
Action.c(41): web_reg_save_param started  	[MsgId: MMSG-26355]
Action.c(46): web_convert_param started  	[MsgId: MMSG-26355]
Action.c(41): Registering web_reg_save_param was successful  	[MsgId: MMSG-26390]
Action.c(46): web_convert_param started  	[MsgId: MMSG-26355]
Action.c(46): Notify: Saving Parameter "InputParam = 115909.7269%263%233+98%2B1f+Qzc%25VAz@pfHQVzzzHDfHHcpzDQtHf".	[MsgId: MMSG-13798]
Action.c(46): web_convert_param was successful  	[MsgId: MMSG-26392]
Action.c(46): Notify: Saving Parameter "InputParam = 115909.7269%263%233+98%2B1f+Qzc%25VAz@pfHQVzzzHDfHHcpzDQtHf".	[MsgId: MMSG-13798]
Action.c(54): web_url("webtours") started  	[MsgId: MMSG-26355]
Action.c(46): web_convert_param was successful  	[MsgId: MMSG-26392]
Action.c(54): web_url("webtours") started  	[MsgId: MMSG-26355]
Action.c(54): Error -27794: Failed to connect to server "127.0.0.1:1080": [10061] Connection refused  	[MsgId: MERR-27794]
Action.c(54): Error -27794: Failed to connect to server "127.0.0.1:1080": [10061] Connection refused  	[MsgId: MERR-27794]
Action.c(54): Error -27794: Failed to connect to server "127.0.0.1:1080": [10061] Connection refused  	[MsgId: MERR-27794]
Action.c(54): Error -27794: Failed to connect to server "127.0.0.1:1080": [10061] Connection refused  	[MsgId: MERR-27794]
Action.c(54): Error -27794: Failed to connect to server "127.0.0.1:1080": [10061] Connection refused  	[MsgId: MERR-27794]
Action.c(54): Error -27794: Failed to connect to server "127.0.0.1:1080": [10061] Connection refused  	[MsgId: MERR-27794]
Action.c(54): Error -27794: Failed to connect to server "127.0.0.1:1080": [10061] Connection refused  	[MsgId: MERR-27794]
Action.c(54): Error -27794: Failed to connect to server "127.0.0.1:1080": [10061] Connection refused  	[MsgId: MERR-27794]
Action.c(54): Error -27794: Failed to connect to server "127.0.0.1:1080": [10061] Connection refused  	[MsgId: MERR-27794]
Action.c(54): Error -27794: Failed to connect to server "127.0.0.1:1080": [10061] Connection refused  	[MsgId: MERR-27794]
Action.c(54): Registered web_reg_find successful for "Text=Web Tours"  	[MsgId: MMSG-26362]
Action.c(54): Registered web_reg_find successful for "Text=Web Tours"  	[MsgId: MMSG-26362]
Action.c(54): Notify: Saving Parameter "s1 = 0".	[MsgId: MMSG-13798]
Action.c(54): Notify: Saving Parameter "s1 = 0".	[MsgId: MMSG-13798]
Action.c(54): Error -26377: No match found for the requested parameter "sessionid". Check whether the requested boundaries exist in the response data. Also, if the data you want to save exceeds 256 bytes, use web_set_max_html_param_len to increase the parameter size  	[MsgId: MERR-26377]
Action.c(54): Error -26377: No match found for the requested parameter "sessionid". Check whether the requested boundaries exist in the response data. Also, if the data you want to save exceeds 256 bytes, use web_set_max_html_param_len to increase the parameter size  	[MsgId: MERR-26377]
Action.c(54): Notify: Saving Parameter "sessionid = ".	[MsgId: MMSG-13798]
Action.c(54): Error -26374: The above "not found" error(s) may be explained by header and body byte counts being 0 and 0, respectively.  	[MsgId: MERR-26374]
Action.c(54): web_url("webtours") highest severity level was "ERROR", 0 body bytes, 0 header bytes  	[MsgId: MMSG-26388]
Action.c(54): Registered web_reg_find successful for "Text=Web Tours"  	[MsgId: MMSG-26362]
Action.c(54): Notify: Saving Parameter "s1 = 0".	[MsgId: MMSG-13798]
Action.c(54): Error -26377: No match found for the requested parameter "sessionid". Check whether the requested boundaries exist in the response data. Also, if the data you want to save exceeds 256 bytes, use web_set_max_html_param_len to increase the parameter size  	[MsgId: MERR-26377]
Action.c(54): Notify: Saving Parameter "sessionid = ".	[MsgId: MMSG-13798]
Action.c(54): Error -26374: The above "not found" error(s) may be explained by header and body byte counts being 0 and 0, respectively.  	[MsgId: MERR-26374]
Action.c(54): web_url("webtours") highest severity level was "ERROR", 0 body bytes, 0 header bytes  	[MsgId: MMSG-26388]
Action.c(54): Notify: Transaction "webtours_ticketbooking_01_welcomepage" ended with a "Fail" status (Duration: 1.0454).	[MsgId: MMSG-16873]
Action.c(54): Notify: Transaction "webtours_ticketbooking_01_welcomepage" has 3 error message(s).	[MsgId: MMSG-16818]
Action.c(54): Notify: The 1st error message associated with transaction "webtours_ticketbooking_01_welcomepage" is "Error -27794: Failed to connect to server "127.0.0.1:1080": [10061] Connection refused"	[MsgId: MMSG-16819]
Action.c(54): Notify: The 2nd error message associated with transaction "webtours_ticketbooking_01_welcomepage" is "Error -26377: No match found for the requested parameter "sessionid". Check whether the requested boundaries exist in the response data. Also, if the data you want to save exceeds 256 bytes, use web_set_max_html_param_len to increase the parameter size"	[MsgId: MMSG-16819]
Action.c(54): Notify: The 3rd error message associated with transaction "webtours_ticketbooking_01_welcomepage" is "Error -26374: The above "not found" error(s) may be explained by header and body byte counts being 0 and 0, respectively."	[MsgId: MMSG-16819]
Action.c(54): Registered web_reg_find successful for "Text=Web Tours"  	[MsgId: MMSG-26362]
Action.c(54): Notify: Saving Parameter "s1 = 0".	[MsgId: MMSG-13798]
Action.c(54): Error -26377: No match found for the requested parameter "sessionid". Check whether the requested boundaries exist in the response data. Also, if the data you want to save exceeds 256 bytes, use web_set_max_html_param_len to increase the parameter size  	[MsgId: MERR-26377]
Action.c(54): Notify: Saving Parameter "sessionid = ".	[MsgId: MMSG-13798]
Action.c(54): Notify: Saving Parameter "sessionid = ".	[MsgId: MMSG-13798]
Action.c(54): Error -26374: The above "not found" error(s) may be explained by header and body byte counts being 0 and 0, respectively.  	[MsgId: MERR-26374]
Action.c(54): web_url("webtours") highest severity level was "ERROR", 0 body bytes, 0 header bytes  	[MsgId: MMSG-26388]
Action.c(54): Notify: Transaction "webtours_ticketbooking_01_welcomepage" ended with a "Fail" status (Duration: 1.0471).	[MsgId: MMSG-16873]
Action.c(54): Notify: Transaction "webtours_ticketbooking_01_welcomepage" has 3 error message(s).	[MsgId: MMSG-16818]
Action.c(54): Notify: The 1st error message associated with transaction "webtours_ticketbooking_01_welcomepage" is "Error -27794: Failed to connect to server "127.0.0.1:1080": [10061] Connection refused"	[MsgId: MMSG-16819]
Action.c(54): Notify: The 2nd error message associated with transaction "webtours_ticketbooking_01_welcomepage" is "Error -26377: No match found for the requested parameter "sessionid". Check whether the requested boundaries exist in the response data. Also, if the data you want to save exceeds 256 bytes, use web_set_max_html_param_len to increase the parameter size"	[MsgId: MMSG-16819]
Action.c(54): Notify: The 3rd error message associated with transaction "webtours_ticketbooking_01_welcomepage" is "Error -26374: The above "not found" error(s) may be explained by header and body byte counts being 0 and 0, respectively."	[MsgId: MMSG-16819]
Action.c(54): Error -26374: The above "not found" error(s) may be explained by header and body byte counts being 0 and 0, respectively.  	[MsgId: MERR-26374]
Action.c(54): Registered web_reg_find successful for "Text=Web Tours"  	[MsgId: MMSG-26362]
Action.c(54): Notify: Saving Parameter "s1 = 0".	[MsgId: MMSG-13798]
Action.c(54): Error -26377: No match found for the requested parameter "sessionid". Check whether the requested boundaries exist in the response data. Also, if the data you want to save exceeds 256 bytes, use web_set_max_html_param_len to increase the parameter size  	[MsgId: MERR-26377]
Action.c(54): Notify: Saving Parameter "sessionid = ".	[MsgId: MMSG-13798]
Action.c(54): Error -26374: The above "not found" error(s) may be explained by header and body byte counts being 0 and 0, respectively.  	[MsgId: MERR-26374]
Action.c(54): web_url("webtours") highest severity level was "ERROR", 0 body bytes, 0 header bytes  	[MsgId: MMSG-26388]
Action.c(54): Notify: Transaction "webtours_ticketbooking_01_welcomepage" ended with a "Fail" status (Duration: 1.0468).	[MsgId: MMSG-16873]
Action.c(54): Notify: Transaction "webtours_ticketbooking_01_welcomepage" has 3 error message(s).	[MsgId: MMSG-16818]
Action.c(54): Notify: The 1st error message associated with transaction "webtours_ticketbooking_01_welcomepage" is "Error -27794: Failed to connect to server "127.0.0.1:1080": [10061] Connection refused"	[MsgId: MMSG-16819]
Action.c(54): Notify: The 2nd error message associated with transaction "webtours_ticketbooking_01_welcomepage" is "Error -26377: No match found for the requested parameter "sessionid". Check whether the requested boundaries exist in the response data. Also, if the data you want to save exceeds 256 bytes, use web_set_max_html_param_len to increase the parameter size"	[MsgId: MMSG-16819]
Action.c(54): Notify: The 3rd error message associated with transaction "webtours_ticketbooking_01_welcomepage" is "Error -26374: The above "not found" error(s) may be explained by header and body byte counts being 0 and 0, respectively."	[MsgId: MMSG-16819]
Action.c(54): Registered web_reg_find successful for "Text=Web Tours"  	[MsgId: MMSG-26362]
Action.c(54): Notify: Saving Parameter "s1 = 0".	[MsgId: MMSG-13798]
Action.c(54): Error -26377: No match found for the requested parameter "sessionid". Check whether the requested boundaries exist in the response data. Also, if the data you want to save exceeds 256 bytes, use web_set_max_html_param_len to increase the parameter size  	[MsgId: MERR-26377]
Action.c(54): web_url("webtours") highest severity level was "ERROR", 0 body bytes, 0 header bytes  	[MsgId: MMSG-26388]
Action.c(54): Notify: Saving Parameter "sessionid = ".	[MsgId: MMSG-13798]
Action.c(54): Error -26374: The above "not found" error(s) may be explained by header and body byte counts being 0 and 0, respectively.  	[MsgId: MERR-26374]
Action.c(54): web_url("webtours") highest severity level was "ERROR", 0 body bytes, 0 header bytes  	[MsgId: MMSG-26388]
Action.c(54): Notify: Transaction "webtours_ticketbooking_01_welcomepage" ended with a "Fail" status (Duration: 1.0479).	[MsgId: MMSG-16873]
Action.c(54): Notify: Transaction "webtours_ticketbooking_01_welcomepage" has 3 error message(s).	[MsgId: MMSG-16818]
Action.c(54): Notify: The 1st error message associated with transaction "webtours_ticketbooking_01_welcomepage" is "Error -27794: Failed to connect to server "127.0.0.1:1080": [10061] Connection refused"	[MsgId: MMSG-16819]
Action.c(54): Notify: The 2nd error message associated with transaction "webtours_ticketbooking_01_welcomepage" is "Error -26377: No match found for the requested parameter "sessionid". Check whether the requested boundaries exist in the response data. Also, if the data you want to save exceeds 256 bytes, use web_set_max_html_param_len to increase the parameter size"	[MsgId: MMSG-16819]
Action.c(54): Notify: The 3rd error message associated with transaction "webtours_ticketbooking_01_welcomepage" is "Error -26374: The above "not found" error(s) may be explained by header and body byte counts being 0 and 0, respectively."	[MsgId: MMSG-16819]
Action.c(54): Notify: Transaction "webtours_ticketbooking_01_welcomepage" ended with a "Fail" status (Duration: 1.0491).	[MsgId: MMSG-16873]
Action.c(54): Notify: Transaction "webtours_ticketbooking_01_welcomepage" has 3 error message(s).	[MsgId: MMSG-16818]
Action.c(54): Notify: The 1st error message associated with transaction "webtours_ticketbooking_01_welcomepage" is "Error -27794: Failed to connect to server "127.0.0.1:1080": [10061] Connection refused"	[MsgId: MMSG-16819]
Action.c(54): Registered web_reg_find successful for "Text=Web Tours"  	[MsgId: MMSG-26362]
Action.c(54): Notify: The 2nd error message associated with transaction "webtours_ticketbooking_01_welcomepage" is "Error -26377: No match found for the requested parameter "sessionid". Check whether the requested boundaries exist in the response data. Also, if the data you want to save exceeds 256 bytes, use web_set_max_html_param_len to increase the parameter size"	[MsgId: MMSG-16819]
Action.c(54): Notify: Saving Parameter "s1 = 0".	[MsgId: MMSG-13798]
Action.c(54): Notify: The 3rd error message associated with transaction "webtours_ticketbooking_01_welcomepage" is "Error -26374: The above "not found" error(s) may be explained by header and body byte counts being 0 and 0, respectively."	[MsgId: MMSG-16819]
Action.c(54): Error -26377: No match found for the requested parameter "sessionid". Check whether the requested boundaries exist in the response data. Also, if the data you want to save exceeds 256 bytes, use web_set_max_html_param_len to increase the parameter size  	[MsgId: MERR-26377]
Action.c(54): Notify: Saving Parameter "sessionid = ".	[MsgId: MMSG-13798]
Action.c(54): Error -26374: The above "not found" error(s) may be explained by header and body byte counts being 0 and 0, respectively.  	[MsgId: MERR-26374]
Action.c(54): web_url("webtours") highest severity level was "ERROR", 0 body bytes, 0 header bytes  	[MsgId: MMSG-26388]
Action.c(54): Notify: Transaction "webtours_ticketbooking_01_welcomepage" ended with a "Fail" status (Duration: 1.0502).	[MsgId: MMSG-16873]
Action.c(54): Notify: Transaction "webtours_ticketbooking_01_welcomepage" has 3 error message(s).	[MsgId: MMSG-16818]
Action.c(54): Notify: The 1st error message associated with transaction "webtours_ticketbooking_01_welcomepage" is "Error -27794: Failed to connect to server "127.0.0.1:1080": [10061] Connection refused"	[MsgId: MMSG-16819]
Action.c(54): Notify: The 2nd error message associated with transaction "webtours_ticketbooking_01_welcomepage" is "Error -26377: No match found for the requested parameter "sessionid". Check whether the requested boundaries exist in the response data. Also, if the data you want to save exceeds 256 bytes, use web_set_max_html_param_len to increase the parameter size"	[MsgId: MMSG-16819]
Action.c(54): Notify: The 3rd error message associated with transaction "webtours_ticketbooking_01_welcomepage" is "Error -26374: The above "not found" error(s) may be explained by header and body byte counts being 0 and 0, respectively."	[MsgId: MMSG-16819]
Action.c(54): Registered web_reg_find successful for "Text=Web Tours"  	[MsgId: MMSG-26362]
Action.c(54): Notify: Saving Parameter "s1 = 0".	[MsgId: MMSG-13798]
Action.c(54): Error -26377: No match found for the requested parameter "sessionid". Check whether the requested boundaries exist in the response data. Also, if the data you want to save exceeds 256 bytes, use web_set_max_html_param_len to increase the parameter size  	[MsgId: MERR-26377]
Action.c(54): Registered web_reg_find successful for "Text=Web Tours"  	[MsgId: MMSG-26362]
Action.c(54): Notify: Saving Parameter "s1 = 0".	[MsgId: MMSG-13798]
Action.c(54): Error -26377: No match found for the requested parameter "sessionid". Check whether the requested boundaries exist in the response data. Also, if the data you want to save exceeds 256 bytes, use web_set_max_html_param_len to increase the parameter size  	[MsgId: MERR-26377]
Action.c(54): Notify: Saving Parameter "sessionid = ".	[MsgId: MMSG-13798]
Action.c(54): Error -26374: The above "not found" error(s) may be explained by header and body byte counts being 0 and 0, respectively.  	[MsgId: MERR-26374]
Action.c(54): web_url("webtours") highest severity level was "ERROR", 0 body bytes, 0 header bytes  	[MsgId: MMSG-26388]
Action.c(54): Notify: Saving Parameter "sessionid = ".	[MsgId: MMSG-13798]
Action.c(54): Error -26374: The above "not found" error(s) may be explained by header and body byte counts being 0 and 0, respectively.  	[MsgId: MERR-26374]
Action.c(54): web_url("webtours") highest severity level was "ERROR", 0 body bytes, 0 header bytes  	[MsgId: MMSG-26388]
Action.c(54): Notify: Transaction "webtours_ticketbooking_01_welcomepage" ended with a "Fail" status (Duration: 1.0244).	[MsgId: MMSG-16873]
Action.c(54): Notify: Transaction "webtours_ticketbooking_01_welcomepage" ended with a "Fail" status (Duration: 1.0247).	[MsgId: MMSG-16873]
Action.c(54): Notify: Transaction "webtours_ticketbooking_01_welcomepage" has 3 error message(s).	[MsgId: MMSG-16818]
Action.c(54): Notify: The 1st error message associated with transaction "webtours_ticketbooking_01_welcomepage" is "Error -27794: Failed to connect to server "127.0.0.1:1080": [10061] Connection refused"	[MsgId: MMSG-16819]
Action.c(54): Notify: The 2nd error message associated with transaction "webtours_ticketbooking_01_welcomepage" is "Error -26377: No match found for the requested parameter "sessionid". Check whether the requested boundaries exist in the response data. Also, if the data you want to save exceeds 256 bytes, use web_set_max_html_param_len to increase the parameter size"	[MsgId: MMSG-16819]
Action.c(54): Notify: The 3rd error message associated with transaction "webtours_ticketbooking_01_welcomepage" is "Error -26374: The above "not found" error(s) may be explained by header and body byte counts being 0 and 0, respectively."	[MsgId: MMSG-16819]
Action.c(54): Notify: Transaction "webtours_ticketbooking_01_welcomepage" has 3 error message(s).	[MsgId: MMSG-16818]
Action.c(54): Notify: The 1st error message associated with transaction "webtours_ticketbooking_01_welcomepage" is "Error -27794: Failed to connect to server "127.0.0.1:1080": [10061] Connection refused"	[MsgId: MMSG-16819]
Action.c(54): Registered web_reg_find successful for "Text=Web Tours"  	[MsgId: MMSG-26362]
Action.c(54): Notify: The 2nd error message associated with transaction "webtours_ticketbooking_01_welcomepage" is "Error -26377: No match found for the requested parameter "sessionid". Check whether the requested boundaries exist in the response data. Also, if the data you want to save exceeds 256 bytes, use web_set_max_html_param_len to increase the parameter size"	[MsgId: MMSG-16819]
Action.c(54): Notify: Saving Parameter "s1 = 0".	[MsgId: MMSG-13798]
Action.c(54): Notify: The 3rd error message associated with transaction "webtours_ticketbooking_01_welcomepage" is "Error -26374: The above "not found" error(s) may be explained by header and body byte counts being 0 and 0, respectively."	[MsgId: MMSG-16819]
Action.c(54): Error -26377: No match found for the requested parameter "sessionid". Check whether the requested boundaries exist in the response data. Also, if the data you want to save exceeds 256 bytes, use web_set_max_html_param_len to increase the parameter size  	[MsgId: MERR-26377]
Action.c(54): Notify: Saving Parameter "sessionid = ".	[MsgId: MMSG-13798]
Action.c(54): Error -26374: The above "not found" error(s) may be explained by header and body byte counts being 0 and 0, respectively.  	[MsgId: MERR-26374]
Action.c(54): web_url("webtours") highest severity level was "ERROR", 0 body bytes, 0 header bytes  	[MsgId: MMSG-26388]
Action.c(54): Notify: Transaction "webtours_ticketbooking_01_welcomepage" ended with a "Fail" status (Duration: 1.0288).	[MsgId: MMSG-16873]
Action.c(54): Notify: Transaction "webtours_ticketbooking_01_welcomepage" has 3 error message(s).	[MsgId: MMSG-16818]
Action.c(54): Notify: The 1st error message associated with transaction "webtours_ticketbooking_01_welcomepage" is "Error -27794: Failed to connect to server "127.0.0.1:1080": [10061] Connection refused"	[MsgId: MMSG-16819]
Action.c(54): Notify: The 2nd error message associated with transaction "webtours_ticketbooking_01_welcomepage" is "Error -26377: No match found for the requested parameter "sessionid". Check whether the requested boundaries exist in the response data. Also, if the data you want to save exceeds 256 bytes, use web_set_max_html_param_len to increase the parameter size"	[MsgId: MMSG-16819]
Action.c(54): Notify: The 3rd error message associated with transaction "webtours_ticketbooking_01_welcomepage" is "Error -26374: The above "not found" error(s) may be explained by header and body byte counts being 0 and 0, respectively."	[MsgId: MMSG-16819]
Action.c(54): Notify: Transaction "webtours_ticketbooking_01_welcomepage" ended with a "Fail" status (Duration: 1.0274).	[MsgId: MMSG-16873]
Action.c(54): Notify: Transaction "webtours_ticketbooking_01_welcomepage" has 3 error message(s).	[MsgId: MMSG-16818]
Action.c(54): Notify: The 1st error message associated with transaction "webtours_ticketbooking_01_welcomepage" is "Error -27794: Failed to connect to server "127.0.0.1:1080": [10061] Connection refused"	[MsgId: MMSG-16819]
Action.c(54): Notify: The 2nd error message associated with transaction "webtours_ticketbooking_01_welcomepage" is "Error -26377: No match found for the requested parameter "sessionid". Check whether the requested boundaries exist in the response data. Also, if the data you want to save exceeds 256 bytes, use web_set_max_html_param_len to increase the parameter size"	[MsgId: MMSG-16819]
Action.c(54): Notify: The 3rd error message associated with transaction "webtours_ticketbooking_01_welcomepage" is "Error -26374: The above "not found" error(s) may be explained by header and body byte counts being 0 and 0, respectively."	[MsgId: MMSG-16819]
Ending action Action.	[MsgId: MMSG-15918]
Ending iteration 1.	[MsgId: MMSG-15965]
Ending Vuser...	[MsgId: MMSG-15966]
Starting action vuser_end.	[MsgId: MMSG-15919]
vuser_end.c(4): lr_think_time: 10.00 seconds.	[MsgId: MMSG-15948]
Ending action Action.	[MsgId: MMSG-15918]
Ending iteration 1.	[MsgId: MMSG-15965]
Ending Vuser...	[MsgId: MMSG-15966]
Starting action vuser_end.	[MsgId: MMSG-15919]
Ending action Action.	[MsgId: MMSG-15918]
vuser_end.c(4): lr_think_time: 10.00 seconds.	[MsgId: MMSG-15948]
Ending iteration 1.	[MsgId: MMSG-15965]
Ending Vuser...	[MsgId: MMSG-15966]
Starting action vuser_end.	[MsgId: MMSG-15919]
vuser_end.c(4): lr_think_time: 10.00 seconds.	[MsgId: MMSG-15948]
Ending action Action.	[MsgId: MMSG-15918]
Ending iteration 1.	[MsgId: MMSG-15965]
Ending action Action.	[MsgId: MMSG-15918]
Ending Vuser...	[MsgId: MMSG-15966]
Starting action vuser_end.	[MsgId: MMSG-15919]
Ending iteration 1.	[MsgId: MMSG-15965]
Ending Vuser...	[MsgId: MMSG-15966]
Starting action vuser_end.	[MsgId: MMSG-15919]
vuser_end.c(4): lr_think_time: 10.00 seconds.	[MsgId: MMSG-15948]
vuser_end.c(4): lr_think_time: 10.00 seconds.	[MsgId: MMSG-15948]
Ending action Action.	[MsgId: MMSG-15918]
Ending iteration 1.	[MsgId: MMSG-15965]
Ending action Action.	[MsgId: MMSG-15918]
Ending Vuser...	[MsgId: MMSG-15966]
Ending iteration 1.	[MsgId: MMSG-15965]
Starting action vuser_end.	[MsgId: MMSG-15919]
Ending Vuser...	[MsgId: MMSG-15966]
Starting action vuser_end.	[MsgId: MMSG-15919]
vuser_end.c(4): lr_think_time: 10.00 seconds.	[MsgId: MMSG-15948]
vuser_end.c(4): lr_think_time: 10.00 seconds.	[MsgId: MMSG-15948]
Ending action Action.	[MsgId: MMSG-15918]
Ending iteration 1.	[MsgId: MMSG-15965]
Ending action Action.	[MsgId: MMSG-15918]
Ending Vuser...	[MsgId: MMSG-15966]
Ending iteration 1.	[MsgId: MMSG-15965]
Starting action vuser_end.	[MsgId: MMSG-15919]
Ending Vuser...	[MsgId: MMSG-15966]
Starting action vuser_end.	[MsgId: MMSG-15919]
vuser_end.c(4): lr_think_time: 10.00 seconds.	[MsgId: MMSG-15948]
vuser_end.c(4): lr_think_time: 10.00 seconds.	[MsgId: MMSG-15948]
Ending action Action.	[MsgId: MMSG-15918]
Ending iteration 1.	[MsgId: MMSG-15965]
Ending Vuser...	[MsgId: MMSG-15966]
Starting action vuser_end.	[MsgId: MMSG-15919]
vuser_end.c(4): lr_think_time: 10.00 seconds.	[MsgId: MMSG-15948]
Abort was called from an action.	[MsgId: MMSG-10447]
Vuser 6 (thread 5504), ended OK."	[MsgId: MMSG-10695]
Abort was called from an action.	[MsgId: MMSG-10447]
Vuser 2 (thread 1684), ended OK."	[MsgId: MMSG-10695]
Abort was called from an action.	[MsgId: MMSG-10447]
Abort was called from an action.	[MsgId: MMSG-10447]
Vuser 3 (thread 1244), ended OK."	[MsgId: MMSG-10695]
Vuser 7 (thread 1084), ended OK."	[MsgId: MMSG-10695]
Abort was called from an action.	[MsgId: MMSG-10447]
Vuser 0 (thread 5184), ended OK."	[MsgId: MMSG-10695]
Abort was called from an action.	[MsgId: MMSG-10447]
Abort was called from an action.	[MsgId: MMSG-10447]
Vuser 8 (thread 6000), ended OK."	[MsgId: MMSG-10695]
Vuser 5 (thread 4632), ended OK."	[MsgId: MMSG-10695]
Abort was called from an action.	[MsgId: MMSG-10447]
Abort was called from an action.	[MsgId: MMSG-10447]
Abort was called from an action.	[MsgId: MMSG-10447]
Vuser 4 (thread 2228), ended OK."	[MsgId: MMSG-10695]
Vuser 1 (thread 4188), ended OK."	[MsgId: MMSG-10695]
Vuser 9 (thread 4752), ended OK."	[MsgId: MMSG-10695]
